#nyears
 36
#year1
 1989
#nages
 12
#nfleets
 1
#nselblocks
 5
#navailindices
 3
#M
  0.15 0.15 0.15 0.15 0.15 0.15 0.15 0.15 0.15 0.15 0.15 0.15
 0.15 0.15 0.15 0.15 0.15 0.15 0.15 0.15 0.15 0.15 0.15 0.15
 0.15 0.15 0.15 0.15 0.15 0.15 0.15 0.15 0.15 0.15 0.15 0.15
 0.15 0.15 0.15 0.15 0.15 0.15 0.15 0.15 0.15 0.15 0.15 0.15
 0.15 0.15 0.15 0.15 0.15 0.15 0.15 0.15 0.15 0.15 0.15 0.15
 0.15 0.15 0.15 0.15 0.15 0.15 0.15 0.15 0.15 0.15 0.15 0.15
 0.15 0.15 0.15 0.15 0.15 0.15 0.15 0.15 0.15 0.15 0.15 0.15
 0.15 0.15 0.15 0.15 0.15 0.15 0.15 0.15 0.15 0.15 0.15 0.15
 0.15 0.15 0.15 0.15 0.15 0.15 0.15 0.15 0.15 0.15 0.15 0.15
 0.15 0.15 0.15 0.15 0.15 0.15 0.15 0.15 0.15 0.15 0.15 0.15
 0.15 0.15 0.15 0.15 0.15 0.15 0.15 0.15 0.15 0.15 0.15 0.15
 0.15 0.15 0.15 0.15 0.15 0.15 0.15 0.15 0.15 0.15 0.15 0.15
 0.15 0.15 0.15 0.15 0.15 0.15 0.15 0.15 0.15 0.15 0.15 0.15
 0.15 0.15 0.15 0.15 0.15 0.15 0.15 0.15 0.15 0.15 0.15 0.15
 0.15 0.15 0.15 0.15 0.15 0.15 0.15 0.15 0.15 0.15 0.15 0.15
 0.15 0.15 0.15 0.15 0.15 0.15 0.15 0.15 0.15 0.15 0.15 0.15
 0.15 0.15 0.15 0.15 0.15 0.15 0.15 0.15 0.15 0.15 0.15 0.15
 0.15 0.15 0.15 0.15 0.15 0.15 0.15 0.15 0.15 0.15 0.15 0.15
 0.15 0.15 0.15 0.15 0.15 0.15 0.15 0.15 0.15 0.15 0.15 0.15
 0.15 0.15 0.15 0.15 0.15 0.15 0.15 0.15 0.15 0.15 0.15 0.15
 0.15 0.15 0.15 0.15 0.15 0.15 0.15 0.15 0.15 0.15 0.15 0.15
 0.15 0.15 0.15 0.15 0.15 0.15 0.15 0.15 0.15 0.15 0.15 0.15
 0.15 0.15 0.15 0.15 0.15 0.15 0.15 0.15 0.15 0.15 0.15 0.15
 0.15 0.15 0.15 0.15 0.15 0.15 0.15 0.15 0.15 0.15 0.15 0.15
 0.15 0.15 0.15 0.15 0.15 0.15 0.15 0.15 0.15 0.15 0.15 0.15
 0.15 0.15 0.15 0.15 0.15 0.15 0.15 0.15 0.15 0.15 0.15 0.15
 0.15 0.15 0.15 0.15 0.15 0.15 0.15 0.15 0.15 0.15 0.15 0.15
 0.15 0.15 0.15 0.15 0.15 0.15 0.15 0.15 0.15 0.15 0.15 0.15
 0.15 0.15 0.15 0.15 0.15 0.15 0.15 0.15 0.15 0.15 0.15 0.15
 0.15 0.15 0.15 0.15 0.15 0.15 0.15 0.15 0.15 0.15 0.15 0.15
 0.15 0.15 0.15 0.15 0.15 0.15 0.15 0.15 0.15 0.15 0.15 0.15
 0.15 0.15 0.15 0.15 0.15 0.15 0.15 0.15 0.15 0.15 0.15 0.15
 0.15 0.15 0.15 0.15 0.15 0.15 0.15 0.15 0.15 0.15 0.15 0.15
 0.15 0.15 0.15 0.15 0.15 0.15 0.15 0.15 0.15 0.15 0.15 0.15
 0.15 0.15 0.15 0.15 0.15 0.15 0.15 0.15 0.15 0.15 0.15 0.15
 0.15 0.15 0.15 0.15 0.15 0.15 0.15 0.15 0.15 0.15 0.15 0.15
#isfecund
 0
#fracyearSSB
 0.42
#mature
  0 0 0.8 1 1 1 1 1 1 1 1 1
 0 0 0.8 1 1 1 1 1 1 1 1 1
 0 0 0.8 1 1 1 1 1 1 1 1 1
 0 0 0.8 1 1 1 1 1 1 1 1 1
 0 0 0.8 1 1 1 1 1 1 1 1 1
 0 0 0.8 1 1 1 1 1 1 1 1 1
 0 0 0.8 1 1 1 1 1 1 1 1 1
 0 0 0.8 1 1 1 1 1 1 1 1 1
 0 0 0.8 1 1 1 1 1 1 1 1 1
 0 0 0.8 1 1 1 1 1 1 1 1 1
 0 0 0.8 1 1 1 1 1 1 1 1 1
 0 0 0.8 1 1 1 1 1 1 1 1 1
 0 0 0.8 1 1 1 1 1 1 1 1 1
 0 0 0.8 1 1 1 1 1 1 1 1 1
 0 0 0.8 1 1 1 1 1 1 1 1 1
 0 0 0.8 1 1 1 1 1 1 1 1 1
 0 0 0.8 1 1 1 1 1 1 1 1 1
 0 0 0.8 1 1 1 1 1 1 1 1 1
 0 0 0.8 1 1 1 1 1 1 1 1 1
 0 0 0.8 1 1 1 1 1 1 1 1 1
 0 0 0.8 1 1 1 1 1 1 1 1 1
 0 0 0.8 1 1 1 1 1 1 1 1 1
 0 0 0.8 1 1 1 1 1 1 1 1 1
 0 0 0.8 1 1 1 1 1 1 1 1 1
 0 0 0.8 1 1 1 1 1 1 1 1 1
 0 0 0.8 1 1 1 1 1 1 1 1 1
 0 0 0.8 1 1 1 1 1 1 1 1 1
 0 0 0.8 1 1 1 1 1 1 1 1 1
 0 0 0.8 1 1 1 1 1 1 1 1 1
 0 0 0.8 1 1 1 1 1 1 1 1 1
 0 0 0.8 1 1 1 1 1 1 1 1 1
 0 0 0.8 1 1 1 1 1 1 1 1 1
 0 0 0.8 1 1 1 1 1 1 1 1 1
 0 0 0.8 1 1 1 1 1 1 1 1 1
 0 0 0.8 1 1 1 1 1 1 1 1 1
 0 0 0.8 1 1 1 1 1 1 1 1 1
#nWAAmatrices
 2
#WAA_ini
  0.07 0.27 0.6 0.76 0.9 1.09 1.25 1.51 1.61 2.02 2.15 2.67
 0.07 0.27 0.6 0.76 0.9 1.09 1.25 1.51 1.61 2.02 2.15 2.67
 0.07 0.27 0.6 0.76 0.9 1.09 1.25 1.51 1.61 2.02 2.15 2.67
 0.07 0.27 0.6 0.76 0.9 1.09 1.25 1.51 1.61 2.02 2.15 2.67
 0.07 0.27 0.6 0.76 0.9 1.09 1.25 1.51 1.61 2.02 2.15 2.67
 0.07 0.27 0.6 0.76 0.9 1.09 1.25 1.51 1.61 2.02 2.15 2.67
 0.07 0.27 0.6 0.76 0.9 1.09 1.25 1.51 1.61 2.02 2.15 2.67
 0 0.08 0.68 0.82 0.83 0.95 1.2 1.45 1.69 1.82 2.29 3.88
 0 0.63 0.78 0.79 0.85 1.08 0.98 1.36 1.4 2.42 2.68 3.64
 0.04 0.25 0.64 0.94 0.94 1.09 1.28 1.49 1.76 1.93 1.89 2.49
 0.06 0.16 0.43 0.62 0.83 1.2 1.22 1.6 1.37 1.88 1.77 2.17
 0.12 0.23 0.48 0.76 1.05 1.26 1.54 1.74 2.06 1.93 2.13 2.84
 0 0.23 1 1.05 1.2 1.4 1.77 1.86 2.11 2.2 2.17 2.91
 0.12 0.24 0.9 1.15 1.1 1.15 1.22 1.57 1.8 2 2.33 3.32
 0 0.19 0.38 0.99 1.19 1.29 1.6 1.85 2.11 2.18 2.08 3.34
 0 0.18 1 0.89 1.12 1.24 1.63 1.96 2.19 2.58 2.59 3.63
 0.06 0.41 0.63 1.02 1.05 1.11 1.19 1.55 1.7 1.9 2.52 4.01
 0.06 0.51 0.8 1.07 1.12 1.23 1.5 1.74 1.92 2.29 2.48 3.38
 0 0.43 0.5 0.95 1.12 1.23 1.38 1.54 1.8 2.33 1.91 3.24
 0.05 0.67 1.06 1.06 1.25 1.34 1.41 1.65 1.83 2 1.9 2.76
 0.5 0.25 0.81 0.98 1.15 1.26 1.31 1.41 1.55 1.76 1.94 3.11
 0.13 0.39 1.02 1.17 1.26 1.35 1.46 1.78 2.11 2.3 2.53 3.19
 0.11 0.56 0.93 1.11 1.26 1.31 1.38 1.53 1.81 2.03 2.27 2.42
 0.11 0.24 0.74 1.08 1.28 1.55 1.86 1.97 2.08 2.53 2.72 3.11
 0.15 0.28 0.58 0.77 1.25 1.52 1.65 1.76 2.38 1.87 2.55 2.58
 0.16 0.4 0.76 1.15 1.3 1.51 1.97 1.84 2.1 2.68 2.86 2.92
 0.11 0.44 0.94 1.21 1.52 1.73 1.95 2.32 2.5 2.71 2.6 3.21
 0.13 0.44 0.84 1.17 1.31 1.48 1.67 1.98 2.61 2.66 3.92 2.69
 0.27 0.33 0.62 1.11 1.31 1.59 1.72 2.03 2.22 1.8 3.44 4
 0.1 0.24 0.42 0.99 1.22 1.23 1.43 1.93 2.48 2.74 1.67 2.77
 0.05 0.33 0.59 1.02 1.19 1.4 1.46 1.75 1.54 3.32 1.46 2.69
 0 0.42 0.62 0.94 1.1 1.31 1.58 1.76 2.2 2.29 2.32 3.02
 0 0 0.776319 0.925221 1.02442 1.37145 1.47925 1.51457 2.06882 1.79625 1.43717 2.06507
 0 1.08747 1.19752 1.2091 1.265 1.20316 1.34801 1.59457 1.70873 1.98179 1.7632 2.40651
 0 1.25809 1.22264 1.0548 1.09939 1.46987 1.41638 1.84733 1.81797 0 2.36479 3.46791
 0 0 0.671087 1.01786 1.12767 1.21167 1.17038 1.4504 1.5046 1.80252 2.63611 1.58304
 0.307 0.448 0.61 0.79 0.984 1.187 1.398 1.613 1.83 2.045 2.258 3.298
 0.307 0.448 0.61 0.79 0.984 1.187 1.398 1.613 1.83 2.045 2.258 3.298
 0.307 0.448 0.61 0.79 0.984 1.187 1.398 1.613 1.83 2.045 2.258 3.298
 0.307 0.448 0.61 0.79 0.984 1.187 1.398 1.613 1.83 2.045 2.258 3.298
 0.307 0.448 0.61 0.79 0.984 1.187 1.398 1.613 1.83 2.045 2.258 3.298
 0.307 0.448 0.61 0.79 0.984 1.187 1.398 1.613 1.83 2.045 2.258 3.298
 0.307 0.448 0.61 0.79 0.984 1.187 1.398 1.613 1.83 2.045 2.258 3.298
 0.307 0.448 0.61 0.79 0.984 1.187 1.398 1.613 1.83 2.045 2.258 3.298
 0.307 0.448 0.61 0.79 0.984 1.187 1.398 1.613 1.83 2.045 2.258 3.298
 0.307 0.448 0.61 0.79 0.984 1.187 1.398 1.613 1.83 2.045 2.258 3.298
 0.307 0.448 0.61 0.79 0.984 1.187 1.398 1.613 1.83 2.045 2.258 3.298
 0.307 0.448 0.61 0.79 0.984 1.187 1.398 1.613 1.83 2.045 2.258 3.298
 0.307 0.448 0.61 0.79 0.984 1.187 1.398 1.613 1.83 2.045 2.258 3.298
 0.307 0.448 0.61 0.79 0.984 1.187 1.398 1.613 1.83 2.045 2.258 3.298
 0.307 0.448 0.61 0.79 0.984 1.187 1.398 1.613 1.83 2.045 2.258 3.298
 0.307 0.448 0.61 0.79 0.984 1.187 1.398 1.613 1.83 2.045 2.258 3.298
 0.307 0.448 0.61 0.79 0.984 1.187 1.398 1.613 1.83 2.045 2.258 3.298
 0.307 0.448 0.61 0.79 0.984 1.187 1.398 1.613 1.83 2.045 2.258 3.298
 0.307 0.448 0.61 0.79 0.984 1.187 1.398 1.613 1.83 2.045 2.258 3.298
 0.307 0.448 0.61 0.79 0.984 1.187 1.398 1.613 1.83 2.045 2.258 3.298
 0.307 0.448 0.61 0.79 0.984 1.187 1.398 1.613 1.83 2.045 2.258 3.298
 0.307 0.448 0.61 0.79 0.984 1.187 1.398 1.613 1.83 2.045 2.258 3.298
 0.307 0.448 0.61 0.79 0.984 1.187 1.398 1.613 1.83 2.045 2.258 3.298
 0.307 0.448 0.61 0.79 0.984 1.187 1.398 1.613 1.83 2.045 2.258 3.298
 0.307 0.448 0.61 0.79 0.984 1.187 1.398 1.613 1.83 2.045 2.258 3.298
 0.307 0.448 0.61 0.79 0.984 1.187 1.398 1.613 1.83 2.045 2.258 3.298
 0.307 0.448 0.61 0.79 0.984 1.187 1.398 1.613 1.83 2.045 2.258 3.298
 0.307 0.448 0.61 0.79 0.984 1.187 1.398 1.613 1.83 2.045 2.258 3.298
 0.307 0.448 0.61 0.79 0.984 1.187 1.398 1.613 1.83 2.045 2.258 3.298
 0.307 0.448 0.61 0.79 0.984 1.187 1.398 1.613 1.83 2.045 2.258 3.298
 0.307 0.448 0.61 0.79 0.984 1.187 1.398 1.613 1.83 2.045 2.258 3.298
 0.307 0.448 0.61 0.79 0.984 1.187 1.398 1.613 1.83 2.045 2.258 3.298
 0.307 0.448 0.61 0.79 0.984 1.187 1.398 1.613 1.83 2.045 2.258 3.298
 0.307 0.448 0.61 0.79 0.984 1.187 1.398 1.613 1.83 2.045 2.258 3.298
 0.307 0.448 0.61 0.79 0.984 1.187 1.398 1.613 1.83 2.045 2.258 3.298
 0.307 0.448 0.61 0.79 0.984 1.187 1.398 1.613 1.83 2.045 2.258 3.298
#WAApointbio
  1 1 1 1 2 2
#sel_blocks
  1 1 1 1 1 1 1 1 1 2 2 2 2 2 2 3 3 3 3 3 3 3 3 4 4 4 4 4 4 5 5 5 5 5 5 5
#sel_option
  2 2 2 2 2
#sel_ini
  0 0 0 0
 0 0 0 0
 0 0 0 0
 0 0 0 0
 0 0 0 0
 0 0 0 0
 0 0 0 0
 0 0 0 0
 0 0 0 0
 0 0 0 0
 0 0 0 0
 0 0 0 0
 5 2 0 0
 0.6 2 0 0
 0 0 0 0
 0 0 0 0
 0 0 0 0
 0 0 0 0
 0 0 0 0
 0 0 0 0
 0 0 0 0
 0 0 0 0
 0 0 0 0
 0 0 0 0
 0 0 0 0
 0 0 0 0
 0 0 0 0
 0 0 0 0
 0 0 0 0
 0 0 0 0
 5 2 0 0
 0.6 2 0 0
 0 0 0 0
 0 0 0 0
 0 0 0 0
 0 0 0 0
 0 0 0 0
 0 0 0 0
 0 0 0 0
 0 0 0 0
 0 0 0 0
 0 0 0 0
 0 0 0 0
 0 0 0 0
 0 0 0 0
 0 0 0 0
 0 0 0 0
 0 0 0 0
 5 2 0 0
 0.6 2 0 0
 0 0 0 0
 0 0 0 0
 0 0 0 0
 0 0 0 0
 0 0 0 0
 0 0 0 0
 0 0 0 0
 0 0 0 0
 0 0 0 0
 0 0 0 0
 0 0 0 0
 0 0 0 0
 0 0 0 0
 0 0 0 0
 0 0 0 0
 0 0 0 0
 5 2 0 0
 0.6 2 0 0
 0 0 0 0
 0 0 0 0
 0 0 0 0
 0 0 0 0
 0 0 0 0
 0 0 0 0
 0 0 0 0
 0 0 0 0
 0 0 0 0
 0 0 0 0
 0 0 0 0
 0 0 0 0
 0 0 0 0
 0 0 0 0
 0 0 0 0
 0 0 0 0
 5 2 0 0
 0.6 2 0 0
 0 0 0 0
 0 0 0 0
 0 0 0 0
 0 0 0 0
#sel_start_age
  1
#sel_end_age
  12
#Freport_agemin
 8
#Freport_agemax
 12
#Freport_wtopt
 2
#use_likelihood_constants
 0
#release_mort
  0.025
#CAA_ini
  30.153 91.041 290.047 565.777 438.495 319.374 281.675 153.236 89.945 42.35 25.291 54.853 1903.8
 0 32.061 389.297 630.904 597.318 320.376 137.231 124.004 72.148 31.566 19.526 36.426 2005.27
 0 20.1 279.703 520.787 571.769 375.413 175.686 155.958 106.979 63.457 44.469 145.491 2927.07
 0 12.982 341.885 556.614 667.315 396.905 194.431 149.365 95.883 54.291 38.615 141.051 3071.24
 0 62.518 344.278 506.632 433.087 202.404 112.747 70.009 25.129 26.336 5.933 27.718 1613.65
 0 25.26 69.209 193.23 151.416 65.43 46.67 19.368 7.877 8.519 0.253 1.689 550.094
 0 0.502 42.423 214.765 473.147 306.626 205.382 141.918 56.261 79.897 6.937 22.523 1710.37
 0 20.852 142.758 287.242 394.476 231.552 149.183 70.219 26.831 14.065 11.53 23.7 1409.88
 0.287 1.926 26.865 69.578 116.43 186.244 115.946 87.106 37.292 24.222 12.216 22.146 941.977
 0.076 1.947 5.485 17.702 29.08 19.256 16.029 8.712 5.209 1.645 0.991 1.254 110.344
 0.393 8.255 9.508 21.77 85.985 105.33 124.614 96.152 56.209 19.218 14.471 13.904 873.15
 0 2.064 141.164 122.972 188.915 166.833 268.022 150.407 66.527 68.683 34.591 33.523 2051.26
 0.356 4.266 92.335 195.037 145.963 152.87 157.106 99.367 75.105 29.501 14.489 32.286 1396.15
 0 1.156 7.682 123.057 287.054 242.77 157.738 123.584 56.619 37.31 17.867 19.862 1659.01
 0 1.782 11.786 43.501 84.534 115.02 61.938 37.985 29.33 10.457 14.056 12.348 614.062
 0.037 4.526 17.748 65.105 100.021 79.692 40.707 10.915 8.219 6.128 0.974 28.724 488.631
 0.095 1.669 24.509 45.526 34.139 28.853 19.296 12.603 3.326 3.227 4.01 7.706 228.31
 0 4.586 10.14 46.712 89.899 161.241 104.498 73.235 50.839 25.541 8.723 20.482 928.2
 0.051 9.096 89.89 151.081 117.701 112.711 99.103 81.497 60.131 33.784 14.786 34.182 1207.72
 0.153 5.356 49.64 135.435 151.988 112.893 82.841 56.54 31.128 22.651 20.761 21.257 915.684
 0.185 12.307 54.487 124.431 199.796 179.413 120.634 62.415 40.781 23.266 8.711 26.324 1324.37
 0.537 14.107 189.176 288.984 240.692 154.434 74.067 54.789 14.505 10.336 7.617 7.427 1283.17
 1.536 6.608 44.693 121.988 124.456 106.32 62.614 39.07 20.044 14.831 11.045 23.885 878.205
 0.611 7.353 23.199 17.874 40.434 57.414 46.391 22.323 38.642 3.89 11.014 11.179 428.362
 2.077 40.991 71.914 140.313 177.4 198.971 107.242 81.354 23.745 32.938 11.027 15.405 1464.65
 0.959 23.833 42.462 107.333 248.466 274.009 297.491 221.02 138.963 43.129 0.946 68.553 2720.19
 0.717 29.272 36.33 93.9 174.055 121.807 91.719 38.061 25.505 12.813 0.841 9.918 943.376
 10.644 43.676 79.098 156.999 328.49 112.457 73.907 62.207 26.874 8.829 10.197 38.968 1607.86
 0.037 2.255 18.766 127.792 308.317 211.118 84.181 28.902 11.408 5.674 10.759 11.873 1015.29
 0.874 2.785 27.102 87.583 208.053 113.395 54.208 28.443 16.269 0.62 6.514 3.829 646.298
 0 2.801 39.966 44.226 144.209 152.382 102.059 108.38 73.989 38.768 16.48 18.21 1051.73
 0.229 0.079 4.276 12.542 85.797 136.81 93.457 44.299 21.249 10.776 15.11 39.39 822.495
 0 0 7.41117 100.358 223.202 278.938 181.743 124.771 49.4783 24.8399 3.36734 18.7853 1417.72
 0 12.5817 66.7533 86.7713 108.134 257.561 279.124 239.679 195.314 38.1098 25.4644 14.9513 1979.53
 0 8.79476 59.1908 160.537 216.497 413.605 221.496 209.054 20.0157 0 4.62889 37.05 2034.07
 0 0 50.6138 333.148 178.895 184.865 159.785 94.2817 94.9364 55.3959 4.04714 24.2382 1486.82
#Discard_ini
  0 0 0 0 0 0 0 0 0 0 0 0 0
 0 0 0 0 0 0 0 0 0 0 0 0 0
 0 0 0 0 0 0 0 0 0 0 0 0 0
 0 0 0 0 0 0 0 0 0 0 0 0 0
 0 0 0 0 0 0 0 0 0 0 0 0 0
 0 0 0 0 0 0 0 0 0 0 0 0 0
 0 0 0 0 0 0 0 0 0 0 0 0 0
 0 0 0 0 0 0 0 0 0 0 0 0 0
 0 0 0 0 0 0 0 0 0 0 0 0 0
 0 0 0 0 0 0 0 0 0 0 0 0 0
 0 0 0 0 0 0 0 0 0 0 0 0 0
 0 0 0 0 0 0 0 0 0 0 0 0 0
 0 0 0 0 0 0 0 0 0 0 0 0 0
 0 0 0 0 0 0 0 0 0 0 0 0 0
 0 0 0 0 0 0 0 0 0 0 0 0 0
 0 0 0 0 0 0 0 0 0 0 0 0 0
 0 0 0 0 0 0 0 0 0 0 0 0 0
 0 0 0 0 0 0 0 0 0 0 0 0 0
 0 0 0 0 0 0 0 0 0 0 0 0 0
 0 0 0 0 0 0 0 0 0 0 0 0 0
 0 0 0 0 0 0 0 0 0 0 0 0 0
 0 0 0 0 0 0 0 0 0 0 0 0 0
 0 0 0 0 0 0 0 0 0 0 0 0 0
 0 0 0 0 0 0 0 0 0 0 0 0 0
 0 0 0 0 0 0 0 0 0 0 0 0 0
 0 0 0 0 0 0 0 0 0 0 0 0 0
 0 0 0 0 0 0 0 0 0 0 0 0 0
 0 0 0 0 0 0 0 0 0 0 0 0 0
 0 0 0 0 0 0 0 0 0 0 0 0 0
 0 0 0 0 0 0 0 0 0 0 0 0 0
 0 0 0 0 0 0 0 0 0 0 0 0 0
 0 0 0 0 0 0 0 0 0 0 0 0 0
 0 0 0 0 0 0 0 0 0 0 0 0 0
 0 0 0 0 0 0 0 0 0 0 0 0 0
 0 0 0 0 0 0 0 0 0 0 0 0 0
 0 0 0 0 0 0 0 0 0 0 0 0 0
#proportion_release_ini
  0 0 0 0 0 0 0 0 0 0 0 0
 0 0 0 0 0 0 0 0 0 0 0 0
 0 0 0 0 0 0 0 0 0 0 0 0
 0 0 0 0 0 0 0 0 0 0 0 0
 0 0 0 0 0 0 0 0 0 0 0 0
 0 0 0 0 0 0 0 0 0 0 0 0
 0 0 0 0 0 0 0 0 0 0 0 0
 0 0 0 0 0 0 0 0 0 0 0 0
 0 0 0 0 0 0 0 0 0 0 0 0
 0 0 0 0 0 0 0 0 0 0 0 0
 0 0 0 0 0 0 0 0 0 0 0 0
 0 0 0 0 0 0 0 0 0 0 0 0
 0 0 0 0 0 0 0 0 0 0 0 0
 0 0 0 0 0 0 0 0 0 0 0 0
 0 0 0 0 0 0 0 0 0 0 0 0
 0 0 0 0 0 0 0 0 0 0 0 0
 0 0 0 0 0 0 0 0 0 0 0 0
 0 0 0 0 0 0 0 0 0 0 0 0
 0 0 0 0 0 0 0 0 0 0 0 0
 0 0 0 0 0 0 0 0 0 0 0 0
 0 0 0 0 0 0 0 0 0 0 0 0
 0 0 0 0 0 0 0 0 0 0 0 0
 0 0 0 0 0 0 0 0 0 0 0 0
 0 0 0 0 0 0 0 0 0 0 0 0
 0 0 0 0 0 0 0 0 0 0 0 0
 0 0 0 0 0 0 0 0 0 0 0 0
 0 0 0 0 0 0 0 0 0 0 0 0
 0 0 0 0 0 0 0 0 0 0 0 0
 0 0 0 0 0 0 0 0 0 0 0 0
 0 0 0 0 0 0 0 0 0 0 0 0
 0 0 0 0 0 0 0 0 0 0 0 0
 0 0 0 0 0 0 0 0 0 0 0 0
 0 0 0 0 0 0 0 0 0 0 0 0
 0 0 0 0 0 0 0 0 0 0 0 0
 0 0 0 0 0 0 0 0 0 0 0 0
 0 0 0 0 0 0 0 0 0 0 0 0
#index_units_aggregate_ini
  2 2 2
#index_units_proportions_ini
  2 2 2
#index_WAApoint_ini
  2 2 2
#index_month_ini
  5 6 6
#index_sel_choice_ini
  -1 -1 -1
#index_sel_option_ini
  1 2 2
#index_start_age_ini
  1 1 1
#index_end_age_ini
  1 12 12
#index_estimate_proportions_ini
  0 1 1
#use_index
  1 1 1
#index_sel_ini
  1 -1 0 1
 0 -1 0 0
 0 -1 0 0
 0 -1 0 0
 0 -1 0 0
 0 -1 0 0
 0 -1 0 0
 0 -1 0 0
 0 -1 0 0
 0 -1 0 0
 0 -1 0 0
 0 -1 0 0
 0 0 0 0
 0 0 0 0
 0 0 0 0
 0 0 0 0
 0 0 0 0
 0 0 0 0
 0 0 0 0
 0 0 0 0
 0 0 0 0
 0 0 0 0
 0 0 0 0
 0 0 0 0
 0 0 0 0
 0 0 0 0
 0 0 0 0
 0 0 0 0
 0 0 0 0
 0 0 0 0
 5 2 0 0
 0.6 2 0 0
 0 0 0 0
 0 0 0 0
 0 0 0 0
 0 0 0 0
 0 0 0 0
 0 0 0 0
 0 0 0 0
 0 0 0 0
 0 0 0 0
 0 0 0 0
 0 0 0 0
 0 0 0 0
 0 0 0 0
 0 0 0 0
 0 0 0 0
 0 0 0 0
 5 2 0 0
 0.6 2 0 0
 0 0 0 0
 0 0 0 0
 0 0 0 0
 0 0 0 0
#index_ini
  1989 0.0115543 1.8084 0 0 0 0 0 0 0 0 0 0 0 0 0
 1990 0.165373 0.90963 0 0 0 0 0 0 0 0 0 0 0 0 0
 1991 0.407139 1.44897 0 0 0 0 0 0 0 0 0 0 0 0 0
 1992 0.146517 0.607091 0 0 0 0 0 0 0 0 0 0 0 0 0
 1993 0.14838 0.915683 0 0 0 0 0 0 0 0 0 0 0 0 0
 1994 0 2 0 0 0 0 0 0 0 0 0 0 0 0 0
 1995 0.0196468 0.892955 0 0 0 0 0 0 0 0 0 0 0 0 0
 1996 0 2 0 0 0 0 0 0 0 0 0 0 0 0 0
 1997 0 2 0 0 0 0 0 0 0 0 0 0 0 0 0
 1998 -1 2 0 0 0 0 0 0 0 0 0 0 0 0 0
 1999 0.0101507 1.54112 0 0 0 0 0 0 0 0 0 0 0 0 0
 2000 0.168583 0.71336 0 0 0 0 0 0 0 0 0 0 0 0 0
 2001 0.29741 0.736701 0 0 0 0 0 0 0 0 0 0 0 0 0
 2002 0.224327 0.618763 0 0 0 0 0 0 0 0 0 0 0 0 0
 2003 0.032979 1.01958 0 0 0 0 0 0 0 0 0 0 0 0 0
 2004 0.119415 0.90467 0 0 0 0 0 0 0 0 0 0 0 0 0
 2005 0.803973 0.583547 0 0 0 0 0 0 0 0 0 0 0 0 0
 2006 0.647132 0.66665 0 0 0 0 0 0 0 0 0 0 0 0 0
 2007 0.367183 1.03 0 0 0 0 0 0 0 0 0 0 0 0 0
 2008 0.231457 0.626195 0 0 0 0 0 0 0 0 0 0 0 0 0
 2009 0.0896566 0.669966 0 0 0 0 0 0 0 0 0 0 0 0 0
 2010 0.0208878 1.39842 0 0 0 0 0 0 0 0 0 0 0 0 0
 2011 -1 2 0 0 0 0 0 0 0 0 0 0 0 0 0
 2012 0.135008 1.04221 0 0 0 0 0 0 0 0 0 0 0 0 0
 2013 0.362659 0.750311 0 0 0 0 0 0 0 0 0 0 0 0 0
 2014 0.0298509 0.661657 0 0 0 0 0 0 0 0 0 0 0 0 0
 2015 0.134982 0.563273 0 0 0 0 0 0 0 0 0 0 0 0 0
 2016 0.271733 0.70053 0 0 0 0 0 0 0 0 0 0 0 0 0
 2017 0.0710259 0.8111 0 0 0 0 0 0 0 0 0 0 0 0 0
 2018 0.728327 0.45093 0 0 0 0 0 0 0 0 0 0 0 0 0
 2019 0.112772 0.688344 0 0 0 0 0 0 0 0 0 0 0 0 0
 2020 0.135245 0.580962 0 0 0 0 0 0 0 0 0 0 0 0 0
 2021 0.108188 1.65142 0 0 0 0 0 0 0 0 0 0 0 0 0
 2022 1.04228 0.515319 0 0 0 0 0 0 0 0 0 0 0 0 0
 2023 0.69102 0.640695 0 0 0 0 0 0 0 0 0 0 0 0 0
 2024 0.387826 0.582453 0 0 0 0 0 0 0 0 0 0 0 0 0
 1989 11.1387 0.653709 0.007 0.006 0.179 0.164 0.234 0.138 0.081 0.094 0.053 0.01 0.006 0.028 35
 1990 75.3933 0.964475 0.006 0.003 0.17 0.182 0.216 0.124 0.068 0.098 0.055 0.013 0.007 0.056 35
 1991 8.57876 0.657028 0.01 0.002 0.102 0.139 0.263 0.204 0.09 0.101 0.072 0.002 0.002 0.014 35
 1992 4.21142 0.796543 0 0.003 0.124 0.152 0.277 0.109 0.078 0.093 0.038 0.017 0.014 0.095 35
 1993 42.0124 0.909284 0.023 0.009 0.238 0.184 0.247 0.141 0.065 0.032 0.015 0.006 0.013 0.027 35
 1994 2.95802 0.872512 0.009 0.002 0.133 0.153 0.222 0.146 0.105 0.172 0.023 0.001 0.005 0.029 35
 1995 3.42302 0.939309 0 0 0.036 0.111 0.231 0.181 0.119 0.063 0.045 0.03 0.064 0.119 35
 1996 2.27314 0.839351 0 0 0.053 0.199 0.221 0.157 0.123 0.057 0.027 0.046 0.076 0.041 35
 1997 3.84172 0.678797 0 0 0 0.122 0.232 0.211 0.304 0.056 0.019 0.022 0.006 0.028 35
 1998 50.3975 0.775595 0.015 0 0.016 0.151 0.119 0.13 0.16 0.16 0.042 0.078 0.017 0.111 35
 1999 43.3066 0.93452 0.041 0.017 0.029 0.149 0.199 0.161 0.153 0.104 0.071 0.025 0.043 0.008 35
 2000 15.5848 0.776881 0.037 0.047 0.005 0.103 0.13 0.092 0.205 0.113 0.039 0.052 0.025 0.152 35
 2001 7.71526 0.71275 0.013 0.232 0.197 0.113 0.163 0.148 0.069 0.036 0.008 0.008 0 0.013 35
 2002 29.7183 0.600242 0.019 0.046 0.169 0.24 0.081 0.211 0.084 0.019 0.052 0.014 0.011 0.053 35
 2003 24.6544 0.80838 0 0.011 0.143 0.222 0.151 0.195 0.107 0.039 0.037 0.015 0.002 0.077 35
 2004 19.988 0.846565 0.034 0.031 0.101 0.416 0.121 0.104 0.101 0.043 0.02 0.006 0 0.023 35
 2005 66.9373 1.12333 0.045 0.141 0.106 0.23 0.069 0.081 0.049 0.029 0.033 0.075 0.032 0.11 35
 2006 12.1375 0.6571 0.015 0.1 0.12 0.21 0.075 0.108 0.086 0.066 0.081 0.047 0.027 0.065 35
 2007 5.1694 0.830588 0 0.071 0.215 0.342 0.082 0.05 0.053 0.046 0.064 0.005 0.03 0.042 35
 2008 11.9992 0.971728 0.009 0.06 0.151 0.221 0.202 0.112 0.055 0.045 0.03 0.03 0.058 0.028 35
 2009 4.39764 1.1448 0.017 0.17 0.276 0.166 0.118 0.106 0.054 0.02 0.021 0.008 0.007 0.037 35
 2010 9.88134 0.790138 0.015 0.117 0.254 0.153 0.189 0.109 0.037 0.061 0.009 0.01 0.007 0.039 35
 2011 0.716047 1.85875 0.019 0.158 0.23 0.223 0.198 0.138 0.025 0.009 0 0 0 0 35
 2012 2.23012 0.810954 0.023 0.146 0.435 0.144 0.133 0.062 0.029 0.024 0.001 0.002 0 0 35
 2013 0.185215 0.873293 0.013 0.303 0.234 0.162 0.174 0.04 0.032 0.018 0 0.004 0.006 0.014 35
 2014 2.59467 0.89181 0.013 0.383 0.21 0.127 0.111 0.054 0.032 0.02 0.034 0.006 0 0.012 35
 2015 2.43887 0.850694 0.007 0.141 0.135 0.245 0.219 0.146 0.068 0.022 0.004 0.012 0.001 0 35
 2016 7.51445 0.768249 0.032 0.265 0.324 0.177 0.161 0.015 0.005 0.011 0.006 0.001 0 0.002 35
 2017 0.897603 2.03117 0 0.124 0.252 0.254 0.135 0.089 0.051 0.032 0.009 0.022 0.024 0.007 35
 2018 2.77903 1.17659 0.018 0.118 0.473 0.261 0.076 0.029 0.012 0.009 0.002 0 0.002 0 35
 2019 0.852146 0.832714 0 0.111 0.309 0.247 0.145 0.079 0.045 0.034 0.018 0 0.002 0.009 35
 2020 -1 1 -1 -1 -1 -1 -1 -1 -1 -1 -1 -1 -1 -1 0
 2021 -1 1 -1 -1 -1 -1 -1 -1 -1 -1 -1 -1 -1 -1 0
 2022 10.1633 0.730611 0 0 0.0407484 0.0180399 0.0516586 0.513036 0.247553 0.068848 0.0485687 0.0075527 0.0039953 0 35
 2023 5.3305 0.936964 0 0 0.0310204 0.323673 0.27932 0.211327 0.0563265 0.0440476 0.04 0 0.0142857 0 35
 2024 1.24664 1.2057 -1 -1 -1 -1 -1 -1 -1 -1 -1 -1 -1 -1 0
 1989 2.54239 0.376631 0.0126575 0.0382166 0.121754 0.237498 0.184068 0.134065 0.11824 0.0643244 0.0377567 0.0177775 0.0106165 0.0230258 182
 1990 2.50235 0.341806 0 0.0134097 0.162827 0.263882 0.249834 0.134001 0.0573982 0.0518658 0.0301767 0.0132026 0.00816691 0.0152355 200
 1991 2.25057 0.328254 0 0.0081714 0.113709 0.211718 0.232444 0.152619 0.0714224 0.0634024 0.0434908 0.0257974 0.0180782 0.0591471 101
 1992 3.07954 0.361535 0 0.00490013 0.129046 0.210096 0.25188 0.149813 0.0733885 0.0563784 0.0361913 0.0204922 0.0145752 0.0532401 68
 1993 1.95824 0.38858 0 0.034411 0.189498 0.278861 0.238381 0.111408 0.0620582 0.0385342 0.0138316 0.0144959 0.00326541 0.0152565 43
 1994 1.13838 0.432567 0 0.0428914 0.117519 0.328109 0.257106 0.111101 0.0792472 0.0328876 0.0133748 0.0144657 0.000429828 0.00286877 17
 1995 1.83022 0.48088 0 0.000336397 0.0274131 0.138545 0.3052 0.197663 0.13243 0.091541 0.0362274 0.0516533 0.00449023 0.014501 16
 1996 1.10721 0.445087 0 0.015245 0.104028 0.209416 0.287291 0.16856 0.108742 0.0511673 0.019537 0.0102498 0.00841978 0.017344 17
 1997 0.865095 0.451685 0.000425006 0.00280761 0.0385971 0.0994926 0.166205 0.265809 0.165422 0.124449 0.0531577 0.034576 0.0174269 0.0316314 12
 1998 0.612036 0.504082 0.000917477 0.0236028 0.0625381 0.18247 0.268982 0.168434 0.141676 0.0732846 0.04568 0.0137727 0.00815324 0.0104892 6
 1999 0.849248 0.451304 0.000727225 0.0152812 0.0174755 0.0396688 0.154992 0.189373 0.223775 0.172599 0.100724 0.0344828 0.0259665 0.0249346 14
 2000 0.803981 0.471161 0 0.00168551 0.113343 0.0989311 0.151876 0.134038 0.215677 0.120989 0.0534956 0.0551833 0.0278179 0.0269629 21
 2001 1.15664 0.377552 0.000368742 0.00441308 0.0929499 0.195887 0.146912 0.153077 0.157428 0.0994947 0.0745664 0.0292125 0.0142937 0.031397 41
 2002 1.17296 0.405351 0 0.00109993 0.00729002 0.11485 0.267197 0.225731 0.146594 0.114846 0.0526202 0.0346768 0.0166037 0.0184922 51
 2003 0.510798 0.394263 0 0.00455922 0.0276168 0.1044 0.199891 0.270396 0.145819 0.08996 0.0694429 0.0247527 0.0333923 0.0297712 30
 2004 0.836452 0.407357 0.00011134 0.0133723 0.0512798 0.180536 0.276248 0.220017 0.112032 0.029824 0.0221679 0.0169982 0.0025786 0.0748357 56
 2005 0.442655 0.443194 0.000626007 0.0108365 0.136298 0.242019 0.184527 0.153958 0.100899 0.0691627 0.0182662 0.0175349 0.0221336 0.0437399 17
 2006 1.00344 0.429588 0 0.00792247 0.0176973 0.0799063 0.152218 0.271203 0.17362 0.121538 0.0844336 0.0422961 0.0143515 0.0348146 31
 2007 1.13629 0.405904 6.58367e-005 0.0114576 0.112076 0.188944 0.146387 0.140303 0.12352 0.101415 0.0745474 0.0417779 0.0183268 0.04118 51
 2008 1.00094 0.404475 0.000229202 0.00822462 0.0734655 0.197988 0.220521 0.162883 0.119255 0.0811919 0.044888 0.0323524 0.029298 0.029703 70
 2009 1.28006 0.413909 0.000221871 0.0147022 0.0642326 0.146277 0.234666 0.210455 0.141341 0.0727721 0.0475406 0.0271335 0.0100919 0.0305661 62
 2010 1.04263 0.42096 0.000529016 0.0137153 0.181117 0.274593 0.22755 0.145481 0.0694353 0.0512282 0.0133716 0.00941846 0.00686065 0.00670031 33
 2011 1.07063 0.432425 0.0028406 0.0122175 0.080227 0.214747 0.217396 0.183037 0.106906 0.0662061 0.0342462 0.0246346 0.0184991 0.0390434 34
 2012 0.865015 0.446082 0.00235863 0.0282276 0.0893262 0.067364 0.145391 0.202927 0.162757 0.0781151 0.133431 0.0137234 0.0378358 0.038543 42
 2013 0.493502 0.488415 0.00237956 0.0469737 0.0817359 0.156368 0.196199 0.218562 0.118122 0.0892212 0.0260304 0.0359731 0.0118841 0.0165507 22
 2014 0.750279 0.437703 0.00066406 0.0164905 0.0291644 0.0732925 0.169374 0.186685 0.202571 0.150457 0.0945823 0.0293689 0.000645361 0.0467043 39
 2015 1.00477 0.430022 0.00118044 0.0481732 0.0591289 0.149678 0.275062 0.190704 0.142805 0.0582897 0.0392003 0.0194502 0.0012411 0.0150878 31
 2016 0.740778 0.422567 0.0116478 0.0477754 0.0860294 0.166293 0.342957 0.116587 0.0765697 0.0641952 0.0277583 0.00915394 0.0107323 0.0403007 50
 2017 0.798091 0.435782 3.71717e-005 0.00288718 0.0239095 0.156933 0.378875 0.25875 0.101481 0.0331544 0.012199 0.00605141 0.0125759 0.0131469 31
 2018 0.762138 0.402928 0.00169985 0.00541664 0.0526946 0.162561 0.376308 0.201322 0.0979449 0.0518881 0.0299059 0.00120369 0.0124331 0.00662214 44
 2019 0.391262 0.405001 0 0.00395032 0.0562174 0.0612825 0.197319 0.20678 0.136098 0.142704 0.0973998 0.0519928 0.0220488 0.0242069 35
 2020 1.1651 0.486818 0.000501807 0.00015165 0.00949967 0.027437 0.187645 0.29681 0.200761 0.0935991 0.0456448 0.021984 0.0308923 0.0850736 69
 2021 0.937596 0.394191 0 0.00231411 0.0169771 0.0905153 0.199124 0.320233 0.170099 0.113627 0.0460898 0.0231083 0.0031407 0.0147721 36
 2022 2.25606 0.363668 0 0.013955 0.0706412 0.0624046 0.0766732 0.190809 0.206268 0.178183 0.146809 0.0268769 0.0176932 0.00968635 51
 2023 2.05805 0.34764 0 0.0157743 0.091328 0.14418 0.149566 0.269955 0.15514 0.156196 0.0141796 0 0.00368156 0 61
 2024 3.22406 0.348056 0 0.00350198 0.0659524 0.297877 0.184968 0.147545 0.127919 0.0625902 0.0571961 0.0385198 0 0.0139305 43
#phase_Fmult_year1
 1
#phase_Fmult_devs
 2
#phase_recruit_devs
 2
#phase_N_year1_devs
 2
#phase_q_year1
 3
#phase_q_devs
 -1
#phase_SR_scaler
 3
#phase_steepness
 -1
#recruit_CV
  0.5 0.5 0.5 0.5 0.5 0.5 0.5 0.5 0.5 0.5 0.5 0.5 0.5 0.5 0.5 0.5 0.5 0.5 0.5 0.5 0.5 0.5 0.5 0.5 0.5 0.5 0.5 0.5 0.5 0.5 0.5 0.5 0.5 0.5 0.5 0.5
#lambda_ind_ini
  1 1 1
#lambda_catch_tot
  1
#lambda_Discard_tot
  1
#catch_tot_CV
  0.094158
 0.0854514
 0.0820636
 0.0903838
 0.0971449
 0.108142
 0.12022
 0.111272
 0.112921
 0.12602
 0.112826
 0.11779
 0.0943879
 0.101338
 0.0985658
 0.101839
 0.110798
 0.107397
 0.101476
 0.101119
 0.103477
 0.10524
 0.108106
 0.111521
 0.122104
 0.109426
 0.107506
 0.105642
 0.108945
 0.100732
 0.10125
 0.121705
 0.0985479
 0.0909169
 0.08691
 0.0870139
#discard_tot_CV
  0
 0
 0
 0
 0
 0
 0
 0
 0
 0
 0
 0
 0
 0
 0
 0
 0
 0
 0
 0
 0
 0
 0
 0
 0
 0
 0
 0
 0
 0
 0
 0
 0
 0
 0
 0
#input_eff_samp_size_catch_ini
  182
 200
 101
 68
 43
 17
 16
 17
 12
 6
 14
 21
 41
 51
 30
 56
 17
 31
 51
 70
 62
 33
 34
 42
 22
 39
 31
 50
 31
 44
 35
 69
 36
 51
 61
 43
#input_eff_samp_size_discard_ini
  0
 0
 0
 0
 0
 0
 0
 0
 0
 0
 0
 0
 0
 0
 0
 0
 0
 0
 0
 0
 0
 0
 0
 0
 0
 0
 0
 0
 0
 0
 0
 0
 0
 0
 0
 0
#lambda_Fmult_year1
  0
#Fmult_year1_CV
  0.5
#lambda_Fmult_devs
  0.5
#Fmult_devs_CV
  0.5
#lambda_N_year1_devs
 0
#N_year1_CV
 0.5
#lambda_recruit_devs
 0.5
#lambda_q_year1_ini
  0 0 0
#q_year1_CV_ini
  1 1 1
#lambda_q_devs_ini
  0 0 0
#q_devs_CV_ini
  1 1 1
#lambda_steepness
 0
#steepness_CV
 0.5
#lambda_SR_scaler
 0
#SR_scaler_CV
 0.5
#NAA_year1_flag
 1
#NAA_year1_ini
  2487 2103 1762 1385 1067 767 557 426 268 191 127 279
#Fmult_year1_ini
  1
#q_year1_iniavail
  0.001 0.001 0.001
#is_SR_scaler_R
 1
#SR_scaler_ini
 1000
#SR_steepness_ini
 0.99
#Fmult_max_value
 5
#ignore_guesses
 0
#do_projections
 0
#directed_fleet
  1
#nfinalyear
 2025
#project_ini
  2025 -1 5 -99 1
#doMCMC
 0
#MCMCnyear_opt
 1
#MCMCnboot
 -99
#MCMCnthin
 1
#MCMCseed
 1
#fillR_opt
 0
#Ravg_start
 1000
#Ravg_end
 200
#make_Rfile
 0
#test_value
 -23456
